[2020-12-31 12:23:48] Finnova.ERROR: (0) The specified key does not exist.; GET /?entryPoint=avatar&size=small&id=1&t=1609417176962; line: 91, file: /var/www/html/dev.fincrm.net/crm/task_cron/vendor/aws/aws-sdk-php/src/Aws/Common/Exception/NamespaceExceptionFactory.php [] []
[2020-12-31 12:40:59] Finnova.ERROR: (0) The specified key does not exist.; GET /?entryPoint=avatar&size=small&id=1&t=1609417176962; line: 91, file: /var/www/html/dev.fincrm.net/crm/task_cron/vendor/aws/aws-sdk-php/src/Aws/Common/Exception/NamespaceExceptionFactory.php [] []
[2020-12-31 12:47:59] Finnova.ERROR: (0) The specified key does not exist.; GET /?entryPoint=avatar&size=small&id=1&t=1609417176962; line: 91, file: /var/www/html/dev.fincrm.net/crm/task_cron/vendor/aws/aws-sdk-php/src/Aws/Common/Exception/NamespaceExceptionFactory.php [] []
[2020-12-31 12:48:10] Finnova.ERROR: (0) The specified key does not exist.; GET /?entryPoint=avatar&size=small&id=1&t=1609418887584; line: 91, file: /var/www/html/dev.fincrm.net/crm/task_cron/vendor/aws/aws-sdk-php/src/Aws/Common/Exception/NamespaceExceptionFactory.php [] []
[2020-12-31 12:48:28] Finnova.ERROR: (0) The specified key does not exist.; GET /?entryPoint=avatar&size=small&id=1&t=1609418887584; line: 91, file: /var/www/html/dev.fincrm.net/crm/task_cron/vendor/aws/aws-sdk-php/src/Aws/Common/Exception/NamespaceExceptionFactory.php [] []
[2020-12-31 12:52:38] Finnova.ERROR: (0) The specified key does not exist.; GET /?entryPoint=avatar&size=small&id=1&t=1609419139357; line: 91, file: /var/www/html/dev.fincrm.net/crm/task_cron/vendor/aws/aws-sdk-php/src/Aws/Common/Exception/NamespaceExceptionFactory.php [] []
[2020-12-31 12:52:44] Finnova.ERROR: (0) The specified key does not exist.; GET /?entryPoint=avatar&size=small&id=1&t=1609419139357; line: 91, file: /var/www/html/dev.fincrm.net/crm/task_cron/vendor/aws/aws-sdk-php/src/Aws/Common/Exception/NamespaceExceptionFactory.php [] []
[2020-12-31 12:52:45] Finnova.ERROR: (0) The specified key does not exist.; GET /?entryPoint=image&id=5fcf19cb57fd71571&size=medium; line: 91, file: /var/www/html/dev.fincrm.net/crm/task_cron/vendor/aws/aws-sdk-php/src/Aws/Common/Exception/NamespaceExceptionFactory.php [] []
[2020-12-31 12:55:45] Finnova.ERROR: (0) The specified key does not exist.; GET /?entryPoint=image&id=5fcf19cb57fd71571&size=medium; line: 91, file: /var/www/html/crm.fincrm.net/crm/task_cron/vendor/aws/aws-sdk-php/src/Aws/Common/Exception/NamespaceExceptionFactory.php [] []
[2020-12-31 12:56:10] Finnova.ERROR: (0) The specified key does not exist.; GET /?entryPoint=avatar&size=small&id=1&t=1609419360982; line: 91, file: /var/www/html/crm.fincrm.net/crm/task_cron/vendor/aws/aws-sdk-php/src/Aws/Common/Exception/NamespaceExceptionFactory.php [] []
[2020-12-31 12:56:13] Finnova.ERROR: (0) The specified key does not exist.; GET /?entryPoint=avatar&size=small&id=1&t=1609419360982; line: 91, file: /var/www/html/crm.fincrm.net/crm/task_cron/vendor/aws/aws-sdk-php/src/Aws/Common/Exception/NamespaceExceptionFactory.php [] []
[2020-12-31 12:56:16] Finnova.ERROR: Json::decode():Syntax error [] []
[2020-12-31 12:56:16] Finnova.EMERGENCY: Syntax error in custom/Finnova/Custom/crm/Resources/metadata/entityDefs/Call.json [] []
[2020-12-31 12:56:16] Finnova.ERROR: Json::decode():Syntax error [] []
[2020-12-31 12:56:16] Finnova.EMERGENCY: Syntax error in custom/Finnova/Custom/crm/Resources/metadata/entityDefs/Meeting.json [] []
[2020-12-31 12:56:58] Finnova.ERROR: Json::decode():Syntax error [] []
[2020-12-31 12:56:58] Finnova.EMERGENCY: Syntax error in custom/Finnova/Custom/crm/Resources/metadata/entityDefs/Call.json [] []
[2020-12-31 12:56:58] Finnova.ERROR: Json::decode():Syntax error [] []
[2020-12-31 12:56:58] Finnova.EMERGENCY: Syntax error in custom/Finnova/Custom/crm/Resources/metadata/entityDefs/Meeting.json [] []
[2020-12-31 12:56:59] Finnova.ERROR: Json::decode():Syntax error [] []
[2020-12-31 12:56:59] Finnova.EMERGENCY: Syntax error in custom/Finnova/Custom/crm/Resources/metadata/entityDefs/Call.json [] []
[2020-12-31 12:56:59] Finnova.ERROR: Json::decode():Syntax error [] []
[2020-12-31 12:56:59] Finnova.EMERGENCY: Syntax error in custom/Finnova/Custom/crm/Resources/metadata/entityDefs/Meeting.json [] []
[2020-12-31 12:57:09] Finnova.ERROR: Json::decode():Syntax error [] []
[2020-12-31 12:57:09] Finnova.EMERGENCY: Syntax error in custom/Finnova/Custom/crm/Resources/metadata/entityDefs/Call.json [] []
[2020-12-31 12:57:09] Finnova.ERROR: Json::decode():Syntax error [] []
[2020-12-31 12:57:09] Finnova.EMERGENCY: Syntax error in custom/Finnova/Custom/crm/Resources/metadata/entityDefs/Meeting.json [] []
[2020-12-31 12:57:15] Finnova.ERROR: Json::decode():Syntax error [] []
[2020-12-31 12:57:15] Finnova.EMERGENCY: Syntax error in custom/Finnova/Custom/crm/Resources/metadata/entityDefs/Call.json [] []
[2020-12-31 12:57:15] Finnova.ERROR: Json::decode():Syntax error [] []
[2020-12-31 12:57:15] Finnova.EMERGENCY: Syntax error in custom/Finnova/Custom/crm/Resources/metadata/entityDefs/Meeting.json [] []
[2020-12-31 12:57:25] Finnova.ERROR: Json::decode():Syntax error [] []
[2020-12-31 12:57:25] Finnova.EMERGENCY: Syntax error in custom/Finnova/Custom/crm/Resources/metadata/entityDefs/Call.json [] []
[2020-12-31 12:57:25] Finnova.ERROR: Json::decode():Syntax error [] []
[2020-12-31 12:57:25] Finnova.EMERGENCY: Syntax error in custom/Finnova/Custom/crm/Resources/metadata/entityDefs/Meeting.json [] []
[2020-12-31 12:57:27] Finnova.ERROR: (0) The specified key does not exist.; GET /?entryPoint=avatar&size=small&id=1&t=1609419444364; line: 91, file: /var/www/html/crm.fincrm.net/crm/task_cron/vendor/aws/aws-sdk-php/src/Aws/Common/Exception/NamespaceExceptionFactory.php [] []
[2020-12-31 12:58:12] Finnova.ERROR: (0) The specified key does not exist.; GET /?entryPoint=image&id=5fcf19cb57fd71571&size=medium; line: 91, file: /var/www/html/crm.fincrm.net/crm/task_cron/vendor/aws/aws-sdk-php/src/Aws/Common/Exception/NamespaceExceptionFactory.php [] []
[2020-12-31 12:58:16] Finnova.ERROR: (0) The specified key does not exist.; GET /?entryPoint=image&id=5fcf19cb57fd71571&size=medium; line: 91, file: /var/www/html/crm.fincrm.net/crm/task_cron/vendor/aws/aws-sdk-php/src/Aws/Common/Exception/NamespaceExceptionFactory.php [] []
[2020-12-31 13:02:40] Finnova.ERROR: (0) The specified key does not exist.; GET /?entryPoint=image&id=5fcf19cb57fd71571&size=medium; line: 91, file: /var/www/html/crm.fincrm.net/crm/task_cron/vendor/aws/aws-sdk-php/src/Aws/Common/Exception/NamespaceExceptionFactory.php [] []
[2020-12-31 13:03:49] Finnova.ERROR: (0) The specified key does not exist.; GET /?entryPoint=avatar&size=small&id=1&t=1609419444364; line: 91, file: /var/www/html/crm.fincrm.net/crm/task_cron/vendor/aws/aws-sdk-php/src/Aws/Common/Exception/NamespaceExceptionFactory.php [] []
[2020-12-31 13:03:53] Finnova.ERROR: (0) The specified key does not exist.; GET /?entryPoint=avatar&size=small&id=1&t=1609419444364; line: 91, file: /var/www/html/crm.fincrm.net/crm/task_cron/vendor/aws/aws-sdk-php/src/Aws/Common/Exception/NamespaceExceptionFactory.php [] []
[2020-12-31 13:03:54] Finnova.ERROR: (0) The specified key does not exist.; GET /?entryPoint=avatar&size=small&id=1&t=1609419444364; line: 91, file: /var/www/html/crm.fincrm.net/crm/task_cron/vendor/aws/aws-sdk-php/src/Aws/Common/Exception/NamespaceExceptionFactory.php [] []
[2020-12-31 13:04:03] Finnova.ERROR: (0) The specified key does not exist.; GET /?entryPoint=avatar&size=small&id=1&t=1609419840244; line: 91, file: /var/www/html/crm.fincrm.net/crm/task_cron/vendor/aws/aws-sdk-php/src/Aws/Common/Exception/NamespaceExceptionFactory.php [] []
[2020-12-31 13:04:06] Finnova.ERROR: (0) The specified key does not exist.; GET /?entryPoint=avatar&size=small&id=1&t=1609419840244; line: 91, file: /var/www/html/crm.fincrm.net/crm/task_cron/vendor/aws/aws-sdk-php/src/Aws/Common/Exception/NamespaceExceptionFactory.php [] []
[2020-12-31 13:04:15] Finnova.ERROR: (0) The specified key does not exist.; GET /?entryPoint=avatar&size=small&id=1&t=1609419840244; line: 91, file: /var/www/html/crm.fincrm.net/crm/task_cron/vendor/aws/aws-sdk-php/src/Aws/Common/Exception/NamespaceExceptionFactory.php [] []
[2020-12-31 13:04:18] Finnova.ERROR: (0) The specified key does not exist.; GET /?entryPoint=avatar&size=small&id=1&t=1609419840244; line: 91, file: /var/www/html/crm.fincrm.net/crm/task_cron/vendor/aws/aws-sdk-php/src/Aws/Common/Exception/NamespaceExceptionFactory.php [] []
[2020-12-31 13:10:13] Finnova.ERROR: (0) The specified key does not exist.; GET /?entryPoint=avatar&size=small&id=1&t=1609419840244; line: 91, file: /var/www/html/crm.fincrm.net/crm/task_cron/vendor/aws/aws-sdk-php/src/Aws/Common/Exception/NamespaceExceptionFactory.php [] []
[2020-12-31 13:10:22] Finnova.ERROR: (0) The specified key does not exist.; GET /?entryPoint=avatar&size=small&id=1&t=1609419840244; line: 91, file: /var/www/html/crm.fincrm.net/crm/task_cron/vendor/aws/aws-sdk-php/src/Aws/Common/Exception/NamespaceExceptionFactory.php [] []
[2020-12-31 13:10:25] Finnova.ERROR: (0) The specified key does not exist.; GET /?entryPoint=avatar&size=small&id=1&t=1609419840244; line: 91, file: /var/www/html/crm.fincrm.net/crm/task_cron/vendor/aws/aws-sdk-php/src/Aws/Common/Exception/NamespaceExceptionFactory.php [] []
[2020-12-31 13:10:33] Finnova.ERROR: (0) The specified key does not exist.; GET /?entryPoint=avatar&size=small&id=1&t=1609420230972; line: 91, file: /var/www/html/crm.fincrm.net/crm/task_cron/vendor/aws/aws-sdk-php/src/Aws/Common/Exception/NamespaceExceptionFactory.php [] []
[2020-12-31 13:11:26] Finnova.ERROR: (0) The specified key does not exist.; GET /?entryPoint=image&id=5fcf19cb57fd71571&size=medium; line: 91, file: /var/www/html/crm.fincrm.net/crm/task_cron/vendor/aws/aws-sdk-php/src/Aws/Common/Exception/NamespaceExceptionFactory.php [] []
[2020-12-31 13:31:15] Finnova.ERROR: (0) The specified key does not exist.; GET /?entryPoint=image&id=5fcf19cb57fd71571&size=medium; line: 91, file: /var/www/html/crm.fincrm.net/crm/task_cron/vendor/aws/aws-sdk-php/src/Aws/Common/Exception/NamespaceExceptionFactory.php [] []
